<?xml version="1.0" encoding="UTF-8"?>
<!-- Generated by org.testng.reporters.JUnitXMLReporter -->
<testsuite hostname="Syeds-MBP" ignored="0" name="Test" tests="1" failures="1" timestamp="16 Mar 2019 18:09:34 GMT" time="3.653" errors="0">
  <testcase name="getStatusCode" time="3.62" classname="com.testcases.StatusCode">
    <failure type="java.lang.AssertionError" message="expected [200] but found [io.restassured.internal.RestAssuredResponseImpl@22d6f11]">
      <![CDATA[java.lang.AssertionError: expected [200] but found [io.restassured.internal.RestAssuredResponseImpl@22d6f11]
at com.testcases.StatusCode.getStatusCode(StatusCode.java:24)
... Removed 30 stack frames]]>
    </failure>
  </testcase> <!-- getStatusCode -->
</testsuite> <!-- Test -->
